2020-03-24 18:17:58,531: DEBUG: application.controller.insert_handler : Insert a Table ADJACENTEUTRANFREQLTE
2020-03-24 18:17:58,921: DEBUG: application.controller.insert_handler : Table not registrated in _tables_id!
2020-03-24 18:18:07,605: DEBUG: application.controller.insert_handler : Insert in DB: y
2020-03-24 18:18:07,982: DEBUG: application.controller.insert_handler : PKs: MODIND,MOI,description
2020-03-24 18:18:11,359: DEBUG: application.controller.insert_handler : Are you sure to insert the datas? Y/N: y
2020-03-24 18:18:12,062: DEBUG: application.controller.insert_handler : (1, 'record inserted.')
2020-03-24 18:18:47,796: DEBUG: application.controller.insert_handler : Insert a Table BANDWIDTHCONFIGPARA
2020-03-24 18:18:48,156: DEBUG: application.controller.insert_handler : Table not registrated in _tables_id!
2020-03-24 18:18:57,953: DEBUG: application.controller.insert_handler : Insert in DB: y
2020-03-24 18:18:58,359: DEBUG: application.controller.insert_handler : PKs: MODIND,MOI,description
2020-03-24 18:19:04,377: DEBUG: application.controller.insert_handler : Are you sure to insert the datas? Y/N: y
2020-03-24 18:19:05,093: DEBUG: application.controller.insert_handler : (1, 'record inserted.')
2020-03-24 18:20:02,724: DEBUG: application.controller.insert_handler : Insert a Table BOARDAPPLIATTR
2020-03-24 18:20:03,109: DEBUG: application.controller.insert_handler : Table not registrated in _tables_id!
2020-03-24 18:20:05,737: DEBUG: application.controller.insert_handler : Insert in DB: y
2020-03-24 18:20:06,142: DEBUG: application.controller.insert_handler : PKs: MODIND,MOI,description
2020-03-24 18:20:07,738: DEBUG: application.controller.insert_handler : Are you sure to insert the datas? Y/N: y
2020-03-24 18:20:08,484: DEBUG: application.controller.insert_handler : (1, 'record inserted.')
2020-03-24 18:20:53,578: DEBUG: application.controller.insert_handler : Insert a Table CARRIERAGGREGATIN
2020-03-24 18:20:53,953: DEBUG: application.controller.insert_handler : Table not registrated in _tables_id!
2020-03-24 18:20:56,250: DEBUG: application.controller.insert_handler : Insert in DB: y
2020-03-24 18:20:56,656: DEBUG: application.controller.insert_handler : PKs: MODIND,MOI,description
2020-03-24 18:20:58,937: DEBUG: application.controller.insert_handler : Are you sure to insert the datas? Y/N: y
2020-03-24 18:21:01,343: DEBUG: application.controller.insert_handler : (1, 'record inserted.')
